[2017-12-19 10:36:28.442] [INFO] asgc - by url suffix: .html
[2017-12-19 10:36:28.442] [INFO] asgc - req: { url: '/_pages/404.html',
  params: {},
  suffix: '.html',
  method: '',
  type: 'resource' }
[2017-12-19 10:36:28.442] [INFO] asgc - requestDispatch ...
[2017-12-19 10:36:28.442] [INFO] asgc - doView: /_pages/404.html
[2017-12-19 10:36:28.442] [INFO] asgc - renderView: D:/myspace/npm/asgc-web/pages/404.html
[2017-12-19 10:36:28.444] [INFO] asgc - requestParse ... /test/_pages/404.html
[2017-12-19 10:36:28.444] [INFO] asgc - parse url /test/_pages/404.html
[2017-12-19 10:36:28.444] [INFO] asgc - parse req type...
[2017-12-19 10:36:28.445] [INFO] asgc - by url suffix: .html
[2017-12-19 10:36:28.445] [INFO] asgc - req: { url: '/_pages/404.html',
  params: {},
  suffix: '.html',
  method: '',
  type: 'resource' }
[2017-12-19 10:36:28.446] [INFO] asgc - requestDispatch ...
[2017-12-19 10:36:28.447] [INFO] asgc - doView: /_pages/404.html
[2017-12-19 10:36:28.447] [INFO] asgc - renderView: D:/myspace/npm/asgc-web/pages/404.html
[2017-12-19 10:36:28.450] [INFO] asgc - requestParse ... /test/_pages/404.html
[2017-12-19 10:36:28.450] [INFO] asgc - parse url /test/_pages/404.html
[2017-12-19 10:36:28.450] [INFO] asgc - parse req type...
[2017-12-19 10:36:28.450] [INFO] asgc - by url suffix: .html
[2017-12-19 10:36:28.450] [INFO] asgc - req: { url: '/_pages/404.html',
  params: {},
  suffix: '.html',
  method: '',
  type: 'resource' }
[2017-12-19 10:36:28.450] [INFO] asgc - requestDispatch ...
[2017-12-19 10:36:28.450] [INFO] asgc - doView: /_pages/404.html
[2017-12-19 10:36:28.450] [INFO] asgc - renderView: D:/myspace/npm/asgc-web/pages/404.html
[2017-12-19 10:36:28.451] [INFO] asgc - requestParse ... /test/_pages/404.html
[2017-12-19 10:36:28.452] [INFO] asgc - parse url /test/_pages/404.html
[2017-12-19 10:36:28.452] [INFO] asgc - parse req type...
[2017-12-19 10:36:28.452] [INFO] asgc - by url suffix: .html
[2017-12-19 10:36:28.452] [INFO] asgc - req: { url: '/_pages/404.html',
  params: {},
  suffix: '.html',
  method: '',
  type: 'resource' }
[2017-12-19 10:36:28.452] [INFO] asgc - requestDispatch ...
[2017-12-19 10:36:28.452] [INFO] asgc - doView: /_pages/404.html
[2017-12-19 10:36:28.452] [INFO] asgc - renderView: D:/myspace/npm/asgc-web/pages/404.html
[2017-12-19 10:36:28.453] [INFO] asgc - requestParse ... /test/_pages/404.html
[2017-12-19 10:36:28.453] [INFO] asgc - parse url /test/_pages/404.html
[2017-12-19 10:36:28.454] [INFO] asgc - parse req type...
[2017-12-19 10:36:28.454] [INFO] asgc - by url suffix: .html
[2017-12-19 10:36:28.454] [INFO] asgc - req: { url: '/_pages/404.html',
  params: {},
  suffix: '.html',
  method: '',
  type: 'resource' }
[2017-12-19 10:36:28.454] [INFO] asgc - requestDispatch ...
[2017-12-19 10:36:28.454] [INFO] asgc - doView: /_pages/404.html
[2017-12-19 10:36:28.454] [INFO] asgc - renderView: D:/myspace/npm/asgc-web/pages/404.html
[2017-12-19 10:36:28.467] [INFO] asgc - requestParse ... /favicon.ico
[2017-12-19 10:36:28.467] [INFO] asgc - doView: /favicon.ico
